c:\users\zelin\downloads\spritesampleapp (1)\spritesampleapp\delete_pdb\debug\win32\game\game.pch
c:\users\zelin\downloads\spritesampleapp (1)\spritesampleapp\delete_pdb\debug\win32\game\vc142.pdb
c:\users\zelin\downloads\spritesampleapp (1)\spritesampleapp\delete_pdb\debug\win32\game\vc142.idb
c:\users\zelin\downloads\spritesampleapp (1)\spritesampleapp\delete_pdb\debug\win32\game\stdafx.obj
c:\users\zelin\downloads\spritesampleapp (1)\spritesampleapp\delete_pdb\debug\win32\game\application.obj
c:\users\zelin\downloads\spritesampleapp (1)\spritesampleapp\delete_pdb\debug\win32\game\globals.obj
c:\users\zelin\downloads\spritesampleapp (1)\spritesampleapp\delete_pdb\debug\win32\game\drawable.obj
c:\users\zelin\downloads\spritesampleapp (1)\spritesampleapp\delete_pdb\debug\win32\game\easing.obj
c:\users\zelin\downloads\spritesampleapp (1)\spritesampleapp\delete_pdb\debug\win32\game\gamepad.obj
c:\users\zelin\downloads\spritesampleapp (1)\spritesampleapp\delete_pdb\debug\win32\game\main.obj
c:\users\zelin\downloads\spritesampleapp (1)\spritesampleapp\delete_pdb\debug\win32\game\sprite.obj
c:\users\zelin\downloads\spritesampleapp (1)\spritesampleapp\delete_pdb\debug\win32\game\game.ilk
c:\users\zelin\downloads\spritesampleapp (1)\spritesampleapp\bin\debug-win32\game.exe
c:\users\zelin\downloads\spritesampleapp (1)\spritesampleapp\bin\debug-win32\game.pdb
c:\users\zelin\downloads\spritesampleapp (1)\spritesampleapp\delete_pdb\debug\win32\game\game.tlog\cl.command.1.tlog
c:\users\zelin\downloads\spritesampleapp (1)\spritesampleapp\delete_pdb\debug\win32\game\game.tlog\cl.read.1.tlog
c:\users\zelin\downloads\spritesampleapp (1)\spritesampleapp\delete_pdb\debug\win32\game\game.tlog\cl.write.1.tlog
c:\users\zelin\downloads\spritesampleapp (1)\spritesampleapp\delete_pdb\debug\win32\game\game.tlog\link.command.1.tlog
c:\users\zelin\downloads\spritesampleapp (1)\spritesampleapp\delete_pdb\debug\win32\game\game.tlog\link.read.1.tlog
c:\users\zelin\downloads\spritesampleapp (1)\spritesampleapp\delete_pdb\debug\win32\game\game.tlog\link.write.1.tlog
